Started GET "/museums?query1=52.494857&query2=13.437641&commit=Search+Museums" for 127.0.0.1 at 2021-09-10 12:17:12 +0200
  [1m[35m (1.6ms)[0m  [1m[34mSELECT sqlite_version(*)[0m
  
ActiveRecord::PendingMigrationError (

Migrations are pending. To resolve this issue, run:

        rails db:migrate RAILS_ENV=development

):
  
activerecord (6.0.4.1) lib/active_record/migration.rb:586:in `check_pending!'
activerecord (6.0.4.1) lib/active_record/migration.rb:564:in `call'
actionpack (6.0.4.1) lib/action_dispatch/middleware/callbacks.rb:27:in `block in call'
activesupport (6.0.4.1) lib/active_support/callbacks.rb:101:in `run_callbacks'
actionpack (6.0.4.1) lib/action_dispatch/middleware/callbacks.rb:26:in `call'
actionpack (6.0.4.1) lib/action_dispatch/middleware/executor.rb:14:in `call'
actionpack (6.0.4.1) lib/action_dispatch/middleware/actionable_exceptions.rb:18:in `call'
actionpack (6.0.4.1) lib/action_dispatch/middleware/debug_exceptions.rb:32:in `call'
web-console (4.1.0) lib/web_console/middleware.rb:132:in `call_app'
web-console (4.1.0) lib/web_console/middleware.rb:28:in `block in call'
web-console (4.1.0) lib/web_console/middleware.rb:17:in `catch'
web-console (4.1.0) lib/web_console/middleware.rb:17:in `call'
actionpack (6.0.4.1) lib/action_dispatch/middleware/show_exceptions.rb:33:in `call'
railties (6.0.4.1) lib/rails/rack/logger.rb:37:in `call_app'
railties (6.0.4.1) lib/rails/rack/logger.rb:26:in `block in call'
activesupport (6.0.4.1) lib/active_support/tagged_logging.rb:80:in `block in tagged'
activesupport (6.0.4.1) lib/active_support/tagged_logging.rb:28:in `tagged'
activesupport (6.0.4.1) lib/active_support/tagged_logging.rb:80:in `tagged'
railties (6.0.4.1) lib/rails/rack/logger.rb:26:in `call'
sprockets-rails (3.2.2) lib/sprockets/rails/quiet_assets.rb:13:in `call'
actionpack (6.0.4.1) lib/action_dispatch/middleware/remote_ip.rb:81:in `call'
actionpack (6.0.4.1) lib/action_dispatch/middleware/request_id.rb:27:in `call'
rack (2.2.3) lib/rack/method_override.rb:24:in `call'
rack (2.2.3) lib/rack/runtime.rb:22:in `call'
activesupport (6.0.4.1) lib/active_support/cache/strategy/local_cache_middleware.rb:29:in `call'
actionpack (6.0.4.1) lib/action_dispatch/middleware/executor.rb:14:in `call'
actionpack (6.0.4.1) lib/action_dispatch/middleware/static.rb:126:in `call'
rack (2.2.3) lib/rack/sendfile.rb:110:in `call'
actionpack (6.0.4.1) lib/action_dispatch/middleware/host_authorization.rb:82:in `call'
webpacker (4.3.0) lib/webpacker/dev_server_proxy.rb:23:in `perform_request'
rack-proxy (0.7.0) lib/rack/proxy.rb:63:in `call'
railties (6.0.4.1) lib/rails/engine.rb:527:in `call'
puma (4.3.8) lib/puma/configuration.rb:228:in `call'
puma (4.3.8) lib/puma/server.rb:718:in `handle_request'
puma (4.3.8) lib/puma/server.rb:472:in `process_client'
puma (4.3.8) lib/puma/server.rb:328:in `block in run'
puma (4.3.8) lib/puma/thread_pool.rb:134:in `block in spawn_thread'
  [1m[35m (2.3ms)[0m  [1m[34mSELECT sqlite_version(*)[0m
  [1m[35m (2.3ms)[0m  [1m[35mCREATE TABLE "schema_migrations" ("version" varchar NOT NULL PRIMARY KEY)[0m
  [1m[35m (2.6ms)[0m  [1m[35mCREATE TABLE "ar_internal_metadata" ("key" varchar NOT NULL PRIMARY KEY, "value" varchar, "created_at" datetime(6) NOT NULL, "updated_at" datetime(6) NOT NULL)[0m
  [1m[35m (0.3ms)[0m  [1m[34mSELECT "schema_migrations"."version" FROM "schema_migrations" ORDER BY "schema_migrations"."version" ASC[0m
Migrating to CreateMuseums (20210909082422)
  [1m[35m (0.1ms)[0m  [1m[36mbegin transaction[0m
  [1m[35m (0.6ms)[0m  [1m[35mCREATE TABLE "museums" ("id" integer PRIMARY KEY AUTOINCREMENT NOT NULL, "longitude" float, "latitude" float, "created_at" datetime(6) NOT NULL, "updated_at" datetime(6) NOT NULL)[0m
  [1m[36mActiveRecord::SchemaMigration Create (0.4ms)[0m  [1m[32mINSERT INTO "schema_migrations" ("version") VALUES (?)[0m  [["version", "20210909082422"]]
  [1m[35m (1.8ms)[0m  [1m[36mcommit transaction[0m
  [1m[36mActiveRecord::InternalMetadata Load (0.3ms)[0m  [1m[34mSELECT "ar_internal_metadata".* FROM "ar_internal_metadata" WHERE "ar_internal_metadata"."key" = ? LIMIT ?[0m  [["key", "environment"], ["LIMIT", 1]]
  [1m[35m (0.1ms)[0m  [1m[36mbegin transaction[0m
  [1m[36mActiveRecord::InternalMetadata Create (0.6ms)[0m  [1m[32mINSERT INTO "ar_internal_metadata" ("key", "value", "created_at", "updated_at") VALUES (?, ?, ?, ?)[0m  [["key", "environment"], ["value", "development"], ["created_at", "2021-09-10 10:18:29.366888"], ["updated_at", "2021-09-10 10:18:29.366888"]]
  [1m[35m (1.4ms)[0m  [1m[36mcommit transaction[0m
  [1m[35m (0.1ms)[0m  [1m[34mSELECT sqlite_version(*)[0m
  [1m[35m (0.2ms)[0m  [1m[34mSELECT "schema_migrations"."version" FROM "schema_migrations" ORDER BY "schema_migrations"."version" ASC[0m
Started GET "/museums?query1=52.494857&query2=13.437641&commit=Search+Museums" for 127.0.0.1 at 2021-09-10 12:18:33 +0200
  [1m[35m (0.1ms)[0m  [1m[34mSELECT sqlite_version(*)[0m
  [1m[35m (0.1ms)[0m  [1m[34mSELECT "schema_migrations"."version" FROM "schema_migrations" ORDER BY "schema_migrations"."version" ASC[0m
Processing by MuseumsController#index as HTML
  Parameters: {"query1"=>"52.494857", "query2"=>"13.437641", "commit"=>"Search Museums"}
  Rendering museums/index.html.erb within layouts/application
  Rendered museums/index.html.erb within layouts/application (Duration: 5.8ms | Allocations: 2233)
[Webpacker] Compiling...
[Webpacker] Compiled all packs in /Users/laraklemme/code/Laklemme/Le-Wagon-Career-Week-Challenge/public/packs
[Webpacker] Hash: bdff1afdfbe7c189d484
Version: webpack 4.46.0
Time: 974ms
Built at: 09/10/2021 12:18:36 PM
                                     Asset       Size       Chunks                         Chunk Names
    js/application-a860ea931ce4c057e219.js    124 KiB  application  [emitted] [immutable]  application
js/application-a860ea931ce4c057e219.js.map    139 KiB  application  [emitted] [dev]        application
                             manifest.json  364 bytes               [emitted]              
Entrypoint application = js/application-a860ea931ce4c057e219.js js/application-a860ea931ce4c057e219.js.map
[./app/javascript/channels sync recursive _channel\.js$] ./app/javascript/channels sync _channel\.js$ 160 bytes {application} [built]
[./app/javascript/channels/index.js] 211 bytes {application} [built]
[./app/javascript/packs/application.js] 749 bytes {application} [built]
[./node_modules/webpack/buildin/module.js] (webpack)/buildin/module.js 552 bytes {application} [built]
    + 3 hidden modules

Completed 200 OK in 3666ms (Views: 3571.3ms | ActiveRecord: 0.5ms | Allocations: 15214)


Started GET "/museums?query1=52.494857&query2=13.437641&commit=Search+Museums" for 127.0.0.1 at 2021-09-10 12:19:15 +0200
Processing by MuseumsController#index as HTML
  Parameters: {"query1"=>"52.494857", "query2"=>"13.437641", "commit"=>"Search Museums"}
  Rendering museums/index.html.erb within layouts/application
  Rendered museums/index.html.erb within layouts/application (Duration: 2.4ms | Allocations: 442)
[Webpacker] Everything's up-to-date. Nothing to do
Completed 200 OK in 87ms (Views: 17.6ms | ActiveRecord: 0.0ms | Allocations: 6509)


Started GET "/museums?query1=52.494857&query2=13.437641&commit=Search+Museums" for 127.0.0.1 at 2021-09-10 12:25:31 +0200
  [1m[35m (0.2ms)[0m  [1m[34mSELECT sqlite_version(*)[0m
Processing by MuseumsController#index as HTML
  Parameters: {"query1"=>"52.494857", "query2"=>"13.437641", "commit"=>"Search Museums"}
  Rendering museums/index.html.erb within layouts/application
  Rendered museums/index.html.erb within layouts/application (Duration: 0.7ms | Allocations: 262)
[Webpacker] Everything's up-to-date. Nothing to do
Completed 200 OK in 76ms (Views: 18.9ms | ActiveRecord: 0.0ms | Allocations: 5447)


Started GET "/museums?query1=52.494857&query2=13.437641&commit=Search+Museums" for 127.0.0.1 at 2021-09-10 12:25:41 +0200
  [1m[35m (0.1ms)[0m  [1m[34mSELECT sqlite_version(*)[0m
Processing by MuseumsController#index as HTML
  Parameters: {"query1"=>"52.494857", "query2"=>"13.437641", "commit"=>"Search Museums"}
  Rendering museums/index.html.erb within layouts/application
  Rendered museums/index.html.erb within layouts/application (Duration: 1.2ms | Allocations: 262)
[Webpacker] Everything's up-to-date. Nothing to do
Completed 200 OK in 171ms (Views: 13.4ms | ActiveRecord: 0.7ms | Allocations: 8681)


Started GET "/museums?query1=52.494857&query2=13.437641&commit=Search+Museums" for 127.0.0.1 at 2021-09-10 12:25:55 +0200
  [1m[35m (0.1ms)[0m  [1m[34mSELECT sqlite_version(*)[0m
Processing by MuseumsController#index as HTML
  Parameters: {"query1"=>"52.494857", "query2"=>"13.437641", "commit"=>"Search Museums"}
  Rendering museums/index.html.erb within layouts/application
  Rendered museums/index.html.erb within layouts/application (Duration: 0.8ms | Allocations: 263)
[Webpacker] Everything's up-to-date. Nothing to do
Completed 200 OK in 77ms (Views: 11.7ms | ActiveRecord: 0.7ms | Allocations: 8708)


Started GET "/museums?query1=52.494857&query2=13.437641&commit=Search+Museums" for 127.0.0.1 at 2021-09-10 12:26:03 +0200
Processing by MuseumsController#index as HTML
  Parameters: {"query1"=>"52.494857", "query2"=>"13.437641", "commit"=>"Search Museums"}
  Rendering museums/index.html.erb within layouts/application
  Rendered museums/index.html.erb within layouts/application (Duration: 0.9ms | Allocations: 256)
[Webpacker] Everything's up-to-date. Nothing to do
Completed 200 OK in 54ms (Views: 9.8ms | ActiveRecord: 0.0ms | Allocations: 5431)


Started GET "/museums?query1=52.494857&query2=13.437641&commit=Search+Museums" for 127.0.0.1 at 2021-09-10 12:26:49 +0200
  [1m[35m (0.1ms)[0m  [1m[34mSELECT sqlite_version(*)[0m
Processing by MuseumsController#index as HTML
  Parameters: {"query1"=>"52.494857", "query2"=>"13.437641", "commit"=>"Search Museums"}
  Rendering museums/index.html.erb within layouts/application
  Rendered museums/index.html.erb within layouts/application (Duration: 0.7ms | Allocations: 262)
[Webpacker] Everything's up-to-date. Nothing to do
Completed 200 OK in 174ms (Views: 11.7ms | ActiveRecord: 0.5ms | Allocations: 8687)


Started GET "/museums?query1=52.494857&query2=13.437641&commit=Search+Museums" for 127.0.0.1 at 2021-09-10 12:27:30 +0200
  [1m[35m (0.1ms)[0m  [1m[34mSELECT sqlite_version(*)[0m
Processing by MuseumsController#index as HTML
  Parameters: {"query1"=>"52.494857", "query2"=>"13.437641", "commit"=>"Search Museums"}
  Rendering museums/index.html.erb within layouts/application
  Rendered museums/index.html.erb within layouts/application (Duration: 0.8ms | Allocations: 262)
[Webpacker] Everything's up-to-date. Nothing to do
Completed 200 OK in 159ms (Views: 14.4ms | ActiveRecord: 0.6ms | Allocations: 8651)


Started GET "/museums?query1=52.494857&query2=13.437641&commit=Search+Museums" for 127.0.0.1 at 2021-09-10 12:28:03 +0200
  [1m[35m (1.8ms)[0m  [1m[34mSELECT sqlite_version(*)[0m
  [1m[35m (0.3ms)[0m  [1m[34mSELECT "schema_migrations"."version" FROM "schema_migrations" ORDER BY "schema_migrations"."version" ASC[0m
Processing by MuseumsController#index as HTML
  Parameters: {"query1"=>"52.494857", "query2"=>"13.437641", "commit"=>"Search Museums"}
  Rendering museums/index.html.erb within layouts/application
  Rendered museums/index.html.erb within layouts/application (Duration: 2.7ms | Allocations: 602)
[Webpacker] Everything's up-to-date. Nothing to do
Completed 200 OK in 105ms (Views: 24.6ms | ActiveRecord: 0.7ms | Allocations: 12722)


Started GET "/museums?query1=52.494857&query2=13.437641&commit=Search+Museums" for 127.0.0.1 at 2021-09-10 12:28:09 +0200
Processing by MuseumsController#index as HTML
  Parameters: {"query1"=>"52.494857", "query2"=>"13.437641", "commit"=>"Search Museums"}
  Rendering museums/index.html.erb within layouts/application
  Rendered museums/index.html.erb within layouts/application (Duration: 0.5ms | Allocations: 262)
[Webpacker] Everything's up-to-date. Nothing to do
Completed 200 OK in 56ms (Views: 8.3ms | ActiveRecord: 0.0ms | Allocations: 5468)


Started GET "/museums?query1=52.494857&query2=13.437641&commit=Search+Museums" for 127.0.0.1 at 2021-09-10 12:28:12 +0200
Processing by MuseumsController#index as HTML
  Parameters: {"query1"=>"52.494857", "query2"=>"13.437641", "commit"=>"Search Museums"}
  Rendering museums/index.html.erb within layouts/application
  Rendered museums/index.html.erb within layouts/application (Duration: 0.6ms | Allocations: 257)
[Webpacker] Everything's up-to-date. Nothing to do
Completed 200 OK in 64ms (Views: 11.7ms | ActiveRecord: 0.0ms | Allocations: 5420)


Started GET "/museums?query1=52.494857&query2=13.437641&commit=Search+Museums" for 127.0.0.1 at 2021-09-10 12:28:55 +0200
  [1m[35m (0.1ms)[0m  [1m[34mSELECT sqlite_version(*)[0m
Processing by MuseumsController#index as HTML
  Parameters: {"query1"=>"52.494857", "query2"=>"13.437641", "commit"=>"Search Museums"}
Completed 500 Internal Server Error in 73ms (ActiveRecord: 1.1ms | Allocations: 4956)


  
RuntimeError ():
  
app/controllers/museums_controller.rb:11:in `index'
Started PUT "/__web_console/repl_sessions/b1d9a8091138124d490e4699a5c62e3b" for 127.0.0.1 at 2021-09-10 12:29:02 +0200
Started PUT "/__web_console/repl_sessions/b1d9a8091138124d490e4699a5c62e3b" for 127.0.0.1 at 2021-09-10 12:29:06 +0200
Started PUT "/__web_console/repl_sessions/b1d9a8091138124d490e4699a5c62e3b" for 127.0.0.1 at 2021-09-10 15:08:58 +0200
Started PUT "/__web_console/repl_sessions/b1d9a8091138124d490e4699a5c62e3b" for 127.0.0.1 at 2021-09-10 15:10:03 +0200
Started PUT "/__web_console/repl_sessions/b1d9a8091138124d490e4699a5c62e3b" for 127.0.0.1 at 2021-09-10 15:10:20 +0200
Started PUT "/__web_console/repl_sessions/b1d9a8091138124d490e4699a5c62e3b" for 127.0.0.1 at 2021-09-10 15:10:44 +0200
Started GET "/museums?query1=52.494857&query2=13.437641&commit=Search+Museums" for 127.0.0.1 at 2021-09-10 15:12:07 +0200
  [1m[35m (0.1ms)[0m  [1m[34mSELECT sqlite_version(*)[0m
Processing by MuseumsController#index as HTML
  Parameters: {"query1"=>"52.494857", "query2"=>"13.437641", "commit"=>"Search Museums"}
  Rendering museums/index.html.erb within layouts/application
  Rendered museums/index.html.erb within layouts/application (Duration: 1.0ms | Allocations: 263)
[Webpacker] Everything's up-to-date. Nothing to do
Completed 200 OK in 106ms (Views: 25.5ms | ActiveRecord: 0.0ms | Allocations: 8486)


Started GET "/museums?query1=52.494857&query2=52.494857&commit=Search+Museums" for 127.0.0.1 at 2021-09-10 15:15:19 +0200
Processing by MuseumsController#index as HTML
  Parameters: {"query1"=>"52.494857", "query2"=>"52.494857", "commit"=>"Search Museums"}
  Rendering museums/index.html.erb within layouts/application
  Rendered museums/index.html.erb within layouts/application (Duration: 1.4ms | Allocations: 256)
[Webpacker] Everything's up-to-date. Nothing to do
Completed 200 OK in 319ms (Views: 20.7ms | ActiveRecord: 0.0ms | Allocations: 5398)


